c:\users\dylan\onedrive\documents\qt project\genimonv2\build\desktop_qt_6_7_3_msvc2022_64bit\genimonv2.dir\debug\vc143.pdb
c:\users\dylan\onedrive\documents\qt project\genimonv2\build\desktop_qt_6_7_3_msvc2022_64bit\genimonv2.dir\debug\qrc_image.obj
c:\users\dylan\onedrive\documents\qt project\genimonv2\build\desktop_qt_6_7_3_msvc2022_64bit\genimonv2.dir\debug\mainmenu.obj
c:\users\dylan\onedrive\documents\qt project\genimonv2\build\desktop_qt_6_7_3_msvc2022_64bit\genimonv2.dir\debug\regle.obj
c:\users\dylan\onedrive\documents\qt project\genimonv2\build\desktop_qt_6_7_3_msvc2022_64bit\genimonv2.dir\debug\map.obj
c:\users\dylan\onedrive\documents\qt project\genimonv2\build\desktop_qt_6_7_3_msvc2022_64bit\genimonv2.dir\debug\historencontre.obj
c:\users\dylan\onedrive\documents\qt project\genimonv2\build\desktop_qt_6_7_3_msvc2022_64bit\genimonv2.dir\debug\genidex.obj
c:\users\dylan\onedrive\documents\qt project\genimonv2\build\desktop_qt_6_7_3_msvc2022_64bit\genimonv2.dir\debug\commande.obj
c:\users\dylan\onedrive\documents\qt project\genimonv2\build\desktop_qt_6_7_3_msvc2022_64bit\genimonv2.dir\debug\combat.obj
c:\users\dylan\onedrive\documents\qt project\genimonv2\build\desktop_qt_6_7_3_msvc2022_64bit\genimonv2.dir\debug\choixjoueur.obj
c:\users\dylan\onedrive\documents\qt project\genimonv2\build\desktop_qt_6_7_3_msvc2022_64bit\genimonv2.dir\debug\capture.obj
c:\users\dylan\onedrive\documents\qt project\genimonv2\build\desktop_qt_6_7_3_msvc2022_64bit\genimonv2.dir\debug\controle.obj
c:\users\dylan\onedrive\documents\qt project\genimonv2\build\desktop_qt_6_7_3_msvc2022_64bit\genimonv2.dir\debug\main.obj
c:\users\dylan\onedrive\documents\qt project\genimonv2\build\desktop_qt_6_7_3_msvc2022_64bit\genimonv2.dir\debug\mocs_compilation_debug.obj
c:\users\dylan\onedrive\documents\qt project\genimonv2\build\desktop_qt_6_7_3_msvc2022_64bit\genimonv2_autogen\autouic_debug.stamp
c:\users\dylan\onedrive\documents\qt project\genimonv2\build\desktop_qt_6_7_3_msvc2022_64bit\genimonv2_autogen\ewiega46ww\qrc_image.cpp
c:\users\dylan\onedrive\documents\qt project\genimonv2\build\desktop_qt_6_7_3_msvc2022_64bit\cmakefiles\generate.stamp
c:\users\dylan\onedrive\documents\qt project\genimonv2\build\desktop_qt_6_7_3_msvc2022_64bit\debug\genimonv2.pdb
c:\users\dylan\onedrive\documents\qt project\genimonv2\build\desktop_qt_6_7_3_msvc2022_64bit\genimonv2.dir\debug\genimonv2.tlog\cl.command.1.tlog
c:\users\dylan\onedrive\documents\qt project\genimonv2\build\desktop_qt_6_7_3_msvc2022_64bit\genimonv2.dir\debug\genimonv2.tlog\cl.read.1.tlog
c:\users\dylan\onedrive\documents\qt project\genimonv2\build\desktop_qt_6_7_3_msvc2022_64bit\genimonv2.dir\debug\genimonv2.tlog\cl.write.1.tlog
c:\users\dylan\onedrive\documents\qt project\genimonv2\build\desktop_qt_6_7_3_msvc2022_64bit\genimonv2.dir\debug\genimonv2.tlog\custombuild.command.1.tlog
c:\users\dylan\onedrive\documents\qt project\genimonv2\build\desktop_qt_6_7_3_msvc2022_64bit\genimonv2.dir\debug\genimonv2.tlog\custombuild.read.1.tlog
c:\users\dylan\onedrive\documents\qt project\genimonv2\build\desktop_qt_6_7_3_msvc2022_64bit\genimonv2.dir\debug\genimonv2.tlog\custombuild.write.1.tlog
c:\users\dylan\onedrive\documents\qt project\genimonv2\build\desktop_qt_6_7_3_msvc2022_64bit\genimonv2.dir\debug\genimonv2.tlog\link-cvtres.read.1.tlog
c:\users\dylan\onedrive\documents\qt project\genimonv2\build\desktop_qt_6_7_3_msvc2022_64bit\genimonv2.dir\debug\genimonv2.tlog\link-cvtres.write.1.tlog
c:\users\dylan\onedrive\documents\qt project\genimonv2\build\desktop_qt_6_7_3_msvc2022_64bit\genimonv2.dir\debug\genimonv2.tlog\link-rc.read.1.tlog
c:\users\dylan\onedrive\documents\qt project\genimonv2\build\desktop_qt_6_7_3_msvc2022_64bit\genimonv2.dir\debug\genimonv2.tlog\link-rc.write.1.tlog
c:\users\dylan\onedrive\documents\qt project\genimonv2\build\desktop_qt_6_7_3_msvc2022_64bit\genimonv2.dir\debug\genimonv2.tlog\link.command.1.tlog
c:\users\dylan\onedrive\documents\qt project\genimonv2\build\desktop_qt_6_7_3_msvc2022_64bit\genimonv2.dir\debug\genimonv2.tlog\link.read.1.tlog
c:\users\dylan\onedrive\documents\qt project\genimonv2\build\desktop_qt_6_7_3_msvc2022_64bit\genimonv2.dir\debug\genimonv2.tlog\link.read.2.tlog
c:\users\dylan\onedrive\documents\qt project\genimonv2\build\desktop_qt_6_7_3_msvc2022_64bit\genimonv2.dir\debug\genimonv2.tlog\link.read.3.tlog
c:\users\dylan\onedrive\documents\qt project\genimonv2\build\desktop_qt_6_7_3_msvc2022_64bit\genimonv2.dir\debug\genimonv2.tlog\link.read.4.tlog
c:\users\dylan\onedrive\documents\qt project\genimonv2\build\desktop_qt_6_7_3_msvc2022_64bit\genimonv2.dir\debug\genimonv2.tlog\link.read.6.tlog
c:\users\dylan\onedrive\documents\qt project\genimonv2\build\desktop_qt_6_7_3_msvc2022_64bit\genimonv2.dir\debug\genimonv2.tlog\link.write.1.tlog
